<?xml version="1.0" encoding="UTF-8"?>
<testsuite xmlns:xsi="http://www.w3.org/2001/XMLSchema-instance" xsi:noNamespaceSchemaLocation="https://maven.apache.org/surefire/maven-surefire-plugin/xsd/surefire-test-report-3.0.xsd" version="3.0" name="co.solvers.apilearnlink.service.comentario.ComentarioServiceTest" time="0.381" tests="8" errors="0" skipped="0" failures="0">
  <properties>
[...]
</properties>
  <testcase name="testListarPorPublicacaoPaginado" classname="co.solvers.apilearnlink.service.comentario.ComentarioServiceTest" time="0.299"/>
  <testcase name="testEditarComentario" classname="co.solvers.apilearnlink.service.comentario.ComentarioServiceTest" time="0.018"/>
  <testcase name="testBuscarPorIdComentarioInexistente" classname="co.solvers.apilearnlink.service.comentario.ComentarioServiceTest" time="0.007"/>
  <testcase name="testComentar" classname="co.solvers.apilearnlink.service.comentario.ComentarioServiceTest" time="0.015"/>
  <testcase name="testListarPorPublicacao" classname="co.solvers.apilearnlink.service.comentario.ComentarioServiceTest" time="0.006"/>
  <testcase name="testDeletarComentarioExistente" classname="co.solvers.apilearnlink.service.comentario.ComentarioServiceTest" time="0.006"/>
  <testcase name="testBuscarPorIdComentarioExistente" classname="co.solvers.apilearnlink.service.comentario.ComentarioServiceTest" time="0.005"/>
  <testcase name="testDeletarComentarioInexistente" classname="co.solvers.apilearnlink.service.comentario.ComentarioServiceTest" time="0.006"/>
</testsuite>